d:\conestoga college\winter 2021\teambasedsoftwaredesign\cscn71030w21-textadventuregame\cscn71030w21-textadventuregame\debug\vc142.pdb
d:\conestoga college\winter 2021\teambasedsoftwaredesign\cscn71030w21-textadventuregame\cscn71030w21-textadventuregame\debug\vc142.idb
d:\conestoga college\winter 2021\teambasedsoftwaredesign\cscn71030w21-textadventuregame\cscn71030w21-textadventuregame\debug\showparagraph.obj
d:\conestoga college\winter 2021\teambasedsoftwaredesign\cscn71030w21-textadventuregame\cscn71030w21-textadventuregame\debug\cjson.obj
d:\conestoga college\winter 2021\teambasedsoftwaredesign\cscn71030w21-textadventuregame\cscn71030w21-textadventuregame\debug\loadstory.obj
d:\conestoga college\winter 2021\teambasedsoftwaredesign\cscn71030w21-textadventuregame\cscn71030w21-textadventuregame\debug\main.obj
d:\conestoga college\winter 2021\teambasedsoftwaredesign\cscn71030w21-textadventuregame\cscn71030w21-textadventuregame\debug\loadsave.obj
d:\conestoga college\winter 2021\teambasedsoftwaredesign\cscn71030w21-textadventuregame\cscn71030w21-textadventuregame\debug\writesave.obj
d:\conestoga college\winter 2021\teambasedsoftwaredesign\cscn71030w21-textadventuregame\cscn71030w21-textadventuregame\debug\loadsaveslot.obj
d:\conestoga college\winter 2021\teambasedsoftwaredesign\cscn71030w21-textadventuregame\cscn71030w21-textadventuregame\debug\loadsavefile.obj
d:\conestoga college\winter 2021\teambasedsoftwaredesign\cscn71030w21-textadventuregame\cscn71030w21-textadventuregame\debug\showending.obj
d:\conestoga college\winter 2021\teambasedsoftwaredesign\cscn71030w21-textadventuregame\cscn71030w21-textadventuregame\debug\replaceword.obj
c:\users\presc\onedrive - conestoga college\cs level 2\project ii\project\cscn71030w21-textadventuregame\debug\vc142.pdb
c:\users\presc\onedrive - conestoga college\cs level 2\project ii\project\cscn71030w21-textadventuregame\debug\vc142.idb
c:\users\presc\onedrive - conestoga college\cs level 2\project ii\project\cscn71030w21-textadventuregame\debug\writesave.obj
c:\users\presc\onedrive - conestoga college\cs level 2\project ii\project\cscn71030w21-textadventuregame\debug\showparagraph.obj
c:\users\presc\onedrive - conestoga college\cs level 2\project ii\project\cscn71030w21-textadventuregame\debug\showending.obj
c:\users\presc\onedrive - conestoga college\cs level 2\project ii\project\cscn71030w21-textadventuregame\debug\replaceword.obj
c:\users\presc\onedrive - conestoga college\cs level 2\project ii\project\cscn71030w21-textadventuregame\debug\navigation.obj
c:\users\presc\onedrive - conestoga college\cs level 2\project ii\project\cscn71030w21-textadventuregame\debug\menuoptions.obj
c:\users\presc\onedrive - conestoga college\cs level 2\project ii\project\cscn71030w21-textadventuregame\debug\loadstory.obj
c:\users\presc\onedrive - conestoga college\cs level 2\project ii\project\cscn71030w21-textadventuregame\debug\main.obj
c:\users\presc\onedrive - conestoga college\cs level 2\project ii\project\cscn71030w21-textadventuregame\debug\loadsaveslot.obj
c:\users\presc\onedrive - conestoga college\cs level 2\project ii\project\cscn71030w21-textadventuregame\debug\loadsavefile.obj
d:\conestoga college\winter 2021\teambasedsoftwaredesign\cscn71030w21-textadventuregame\debug\cscn71030w21-textadventuregame.lib
d:\conestoga college\winter 2021\teambasedsoftwaredesign\cscn71030w21-textadventuregame\debug\cscn71030w21-textadventuregame.exp
d:\conestoga college\winter 2021\teambasedsoftwaredesign\cscn71030w21-textadventuregame\debug\cscn71030w21-textadventuregame.exe
d:\conestoga college\winter 2021\teambasedsoftwaredesign\cscn71030w21-textadventuregame\debug\cscn71030w21-textadventuregame.ilk
d:\conestoga college\winter 2021\teambasedsoftwaredesign\cscn71030w21-textadventuregame\debug\cscn71030w21-textadventuregame.pdb
c:\users\presc\onedrive - conestoga college\cs level 2\project ii\project\cscn71030w21-textadventuregame\debug\cjson.obj
c:\users\presc\onedrive - conestoga college\cs level 2\project ii\project\cscn71030w21-textadventuregame\debug\loadsave.obj
c:\users\presc\onedrive - conestoga college\cs level 2\project ii\project\debug\cscn71030w21-textadventuregame.pdb
c:\users\presc\onedrive - conestoga college\cs level 2\project ii\project\cscn71030w21-textadventuregame\debug\cscn7103.476d49a1.tlog\cl.command.1.tlog
c:\users\presc\onedrive - conestoga college\cs level 2\project ii\project\cscn71030w21-textadventuregame\debug\cscn7103.476d49a1.tlog\cl.read.1.tlog
c:\users\presc\onedrive - conestoga college\cs level 2\project ii\project\cscn71030w21-textadventuregame\debug\cscn7103.476d49a1.tlog\cl.write.1.tlog
c:\users\presc\onedrive - conestoga college\cs level 2\project ii\project\cscn71030w21-textadventuregame\debug\cscn7103.476d49a1.tlog\cscn71030w21-textadventuregame.write.1u.tlog
c:\users\presc\onedrive - conestoga college\cs level 2\project ii\project\cscn71030w21-textadventuregame\debug\cscn7103.476d49a1.tlog\link-cvtres.read.1.tlog
c:\users\presc\onedrive - conestoga college\cs level 2\project ii\project\cscn71030w21-textadventuregame\debug\cscn7103.476d49a1.tlog\link-cvtres.write.1.tlog
c:\users\presc\onedrive - conestoga college\cs level 2\project ii\project\cscn71030w21-textadventuregame\debug\cscn7103.476d49a1.tlog\link-rc.read.1.tlog
c:\users\presc\onedrive - conestoga college\cs level 2\project ii\project\cscn71030w21-textadventuregame\debug\cscn7103.476d49a1.tlog\link-rc.write.1.tlog
c:\users\presc\onedrive - conestoga college\cs level 2\project ii\project\cscn71030w21-textadventuregame\debug\cscn7103.476d49a1.tlog\link.command.1.tlog
c:\users\presc\onedrive - conestoga college\cs level 2\project ii\project\cscn71030w21-textadventuregame\debug\cscn7103.476d49a1.tlog\link.read.1.tlog
c:\users\presc\onedrive - conestoga college\cs level 2\project ii\project\cscn71030w21-textadventuregame\debug\cscn7103.476d49a1.tlog\link.write.1.tlog
